# JRE version: Java(TM) SE Runtime Environment (17.0.19+9) (build 17.0.19+9-LTS-183)
# Java VM: Java HotSpot(TM) 64-Bit Server VM (17.0.19+9-LTS-183, mixed mode, emulated-client, sharing, tiered, compressed oops, compressed class ptrs, g1 gc, windows-amd64)
GC Precious Log:
 CPUs: 12 total, 12 available
 Memory: 15681M
 Large Page Support: Disabled
 NUMA Support: Disabled
 Compressed Oops: Enabled (Zero based)
 Heap Region Size: 2M
 Heap Min Capacity: 8M
 Heap Initial Capacity: 246M
 Heap Max Capacity: 3922M
 Pre-touch: Disabled
 Parallel Workers: 10
 Concurrent Workers: 3
 Concurrent Refinement Workers: 10
 Periodic GC: Disabled
Heap:
 garbage-first heap   total 176128K, used 20600K [0x000000070ae00000, 0x0000000800000000)
  region size 2048K, 1 young (2048K), 1 survivors (2048K)
 Metaspace       used 34938K, committed 35456K, reserved 1114112K
  class space    used 4923K, committed 5184K, reserved 1048576K
GC Heap History (20 events):
Event: 4.545 GC heap after
{Heap after GC invocations=5 (full 0):
 garbage-first heap   total 55296K, used 15662K [0x000000070ae00000, 0x0000000800000000)
  region size 2048K, 2 young (4096K), 2 survivors (4096K)
 Metaspace       used 25256K, committed 25728K, reserved 1114112K
  class space    used 3647K, committed 3840K, reserved 1048576K
}
Event: 4.628 GC heap before
{Heap before GC invocations=5 (full 0):
 garbage-first heap   total 55296K, used 17710K [0x000000070ae00000, 0x0000000800000000)
  region size 2048K, 3 young (6144K), 2 survivors (4096K)
 Metaspace       used 25433K, committed 25856K, reserved 1114112K
  class space    used 3667K, committed 3840K, reserved 1048576K
}
Event: 4.636 GC heap after
{Heap after GC invocations=6 (full 0):
 garbage-first heap   total 55296K, used 16071K [0x000000070ae00000, 0x0000000800000000)
  region size 2048K, 1 young (2048K), 1 survivors (2048K)
 Metaspace       used 25433K, committed 25856K, reserved 1114112K
  class space    used 3667K, committed 3840K, reserved 1048576K
}
Event: 5.606 GC heap before
{Heap before GC invocations=6 (full 0):
 garbage-first heap   total 55296K, used 36551K [0x000000070ae00000, 0x0000000800000000)
  region size 2048K, 11 young (22528K), 1 survivors (2048K)
 Metaspace       used 28296K, committed 28800K, reserved 1114112K
  class space    used 4017K, committed 4288K, reserved 1048576K
}
Event: 5.610 GC heap after
{Heap after GC invocations=7 (full 0):
 garbage-first heap   total 55296K, used 17215K [0x000000070ae00000, 0x0000000800000000)
  region size 2048K, 1 young (2048K), 1 survivors (2048K)
 Metaspace       used 28296K, committed 28800K, reserved 1114112K
  class space    used 4017K, committed 4288K, reserved 1048576K
}
Event: 7.350 GC heap before
{Heap before GC invocations=7 (full 0):
 garbage-first heap   total 55296K, used 35647K [0x000000070ae00000, 0x0000000800000000)
  region size 2048K, 11 young (22528K), 1 survivors (2048K)
 Metaspace       used 32221K, committed 32704K, reserved 1114112K
  class space    used 4542K, committed 4736K, reserved 1048576K
}
Event: 7.353 GC heap after
{Heap after GC invocations=8 (full 0):
 garbage-first heap   total 55296K, used 18135K [0x000000070ae00000, 0x0000000800000000)
  region size 2048K, 2 young (4096K), 2 survivors (4096K)
 Metaspace       used 32221K, committed 32704K, reserved 1114112K
  class space    used 4542K, committed 4736K, reserved 1048576K
}
Event: 7.439 GC heap before
{Heap before GC invocations=8 (full 0):
 garbage-first heap   total 55296K, used 38615K [0x000000070ae00000, 0x0000000800000000)
  region size 2048K, 12 young (24576K), 2 survivors (4096K)
 Metaspace       used 32241K, committed 32704K, reserved 1114112K
  class space    used 4544K, committed 4736K, reserved 1048576K
}
Event: 7.442 GC heap after
{Heap after GC invocations=9 (full 0):
 garbage-first heap   total 55296K, used 18403K [0x000000070ae00000, 0x0000000800000000)
  region size 2048K, 1 young (2048K), 1 survivors (2048K)
 Metaspace       used 32241K, committed 32704K, reserved 1114112K
  class space    used 4544K, committed 4736K, reserved 1048576K
}
Event: 7.502 GC heap before
{Heap before GC invocations=9 (full 0):
 garbage-first heap   total 55296K, used 38883K [0x000000070ae00000, 0x0000000800000000)
  region size 2048K, 12 young (24576K), 1 survivors (2048K)
 Metaspace       used 32241K, committed 32704K, reserved 1114112K
  class space    used 4544K, committed 4736K, reserved 1048576K
}
Event: 7.504 GC heap after
{Heap after GC invocations=10 (full 0):
 garbage-first heap   total 55296K, used 18537K [0x000000070ae00000, 0x0000000800000000)
  region size 2048K, 1 young (2048K), 1 survivors (2048K)
 Metaspace       used 32241K, committed 32704K, reserved 1114112K
  class space    used 4544K, committed 4736K, reserved 1048576K
}
Event: 7.727 GC heap before
{Heap before GC invocations=10 (full 0):
 garbage-first heap   total 55296K, used 41065K [0x000000070ae00000, 0x0000000800000000)
  region size 2048K, 12 young (24576K), 1 survivors (2048K)
 Metaspace       used 32935K, committed 33408K, reserved 1114112K
  class space    used 4624K, committed 4864K, reserved 1048576K
}
Event: 8.740 GC heap after
{Heap after GC invocations=11 (full 0):
 garbage-first heap   total 153600K, used 19151K [0x000000070ae00000, 0x0000000800000000)
  region size 2048K, 1 young (2048K), 1 survivors (2048K)
 Metaspace       used 32935K, committed 33408K, reserved 1114112K
  class space    used 4624K, committed 4864K, reserved 1048576K
}
Event: 8.835 GC heap before
{Heap before GC invocations=11 (full 0):
 garbage-first heap   total 153600K, used 23247K [0x000000070ae00000, 0x0000000800000000)
  region size 2048K, 3 young (6144K), 1 survivors (2048K)
 Metaspace       used 33225K, committed 33664K, reserved 1114112K
  class space    used 4661K, committed 4864K, reserved 1048576K
}
Event: 8.837 GC heap after
{Heap after GC invocations=12 (full 0):
 garbage-first heap   total 153600K, used 19533K [0x000000070ae00000, 0x0000000800000000)
  region size 2048K, 1 young (2048K), 1 survivors (2048K)
 Metaspace       used 33225K, committed 33664K, reserved 1114112K
  class space    used 4661K, committed 4864K, reserved 1048576K
}
Event: 8.934 GC heap before
{Heap before GC invocations=12 (full 0):
 garbage-first heap   total 153600K, used 23629K [0x000000070ae00000, 0x0000000800000000)
  region size 2048K, 3 young (6144K), 1 survivors (2048K)
 Metaspace       used 33467K, committed 33856K, reserved 1114112K
  class space    used 4692K, committed 4864K, reserved 1048576K
}
Event: 8.936 GC heap after
{Heap after GC invocations=13 (full 0):
 garbage-first heap   total 153600K, used 19984K [0x000000070ae00000, 0x0000000800000000)
  region size 2048K, 1 young (2048K), 1 survivors (2048K)
 Metaspace       used 33467K, committed 33856K, reserved 1114112K
  class space    used 4692K, committed 4864K, reserved 1048576K
}
Event: 9.052 GC heap before
{Heap before GC invocations=13 (full 0):
 garbage-first heap   total 153600K, used 24080K [0x000000070ae00000, 0x0000000800000000)
  region size 2048K, 3 young (6144K), 1 survivors (2048K)
 Metaspace       used 34236K, committed 34688K, reserved 1114112K
  class space    used 4806K, committed 5056K, reserved 1048576K
}
Event: 9.053 GC heap after
{Heap after GC invocations=14 (full 0):
 garbage-first heap   total 153600K, used 20155K [0x000000070ae00000, 0x0000000800000000)
  region size 2048K, 1 young (2048K), 1 survivors (2048K)
 Metaspace       used 34236K, committed 34688K, reserved 1114112K
  class space    used 4806K, committed 5056K, reserved 1048576K
}
Event: 10.170 GC heap before
{Heap before GC invocations=14 (full 0):
 garbage-first heap   total 153600K, used 24251K [0x000000070ae00000, 0x0000000800000000)
  region size 2048K, 3 young (6144K), 1 survivors (2048K)
 Metaspace       used 34938K, committed 35456K, reserved 1114112K
  class space    used 4923K, committed 5184K, reserved 1048576K
}

